building Nix...
building the system configuration...
these 8 derivations will be built:
  /nix/store/8170wmcn9664ni110dq2v4akhh41p2gk-waybar-config.json.drv
  /nix/store/f8lmglmf8ls4jz7rs2jp70lky4v41dqb-home-manager-files.drv
  /nix/store/qalgim14hvsvrsj4a5wpi6apyzldhhf5-activation-script.drv
  /nix/store/2zvbds57dzlp7miigxca6c86g0xjsha7-home-manager-generation.drv
  /nix/store/fykrkgn9bk8pcp104qln81gjakcwybcj-unit-home-manager-bcampbell.service.drv
  /nix/store/k23b1scbgn462sqqhr8pnqwq8zx1vkbi-system-units.drv
  /nix/store/lf10f2zw4mkv9g8anjfhd3chf4wsv9iq-etc.drv
  /nix/store/ylhxy8n4ckp8nji95gabv2xwhb4yxrp6-nixos-system-nixos-24.05pre611350.cfd6b5fc90b1.drv
building '/nix/store/8170wmcn9664ni110dq2v4akhh41p2gk-waybar-config.json.drv'...
building '/nix/store/qalgim14hvsvrsj4a5wpi6apyzldhhf5-activation-script.drv'...
building '/nix/store/f8lmglmf8ls4jz7rs2jp70lky4v41dqb-home-manager-files.drv'...
building '/nix/store/2zvbds57dzlp7miigxca6c86g0xjsha7-home-manager-generation.drv'...
building '/nix/store/fykrkgn9bk8pcp104qln81gjakcwybcj-unit-home-manager-bcampbell.service.drv'...
building '/nix/store/k23b1scbgn462sqqhr8pnqwq8zx1vkbi-system-units.drv'...
building '/nix/store/lf10f2zw4mkv9g8anjfhd3chf4wsv9iq-etc.drv'...
building '/nix/store/ylhxy8n4ckp8nji95gabv2xwhb4yxrp6-nixos-system-nixos-24.05pre611350.cfd6b5fc90b1.drv'...
activating the configuration...
setting up /etc...
reloading user units for sddm...
reloading user units for bcampbell...
restarting sysinit-reactivation.target
restarting the following units: home-manager-bcampbell.service
